[00:00:01] [Server thread/WARN]: Can't keep up! Is the server overloaded? Running 3023ms or 60 ticks behind
[00:00:12] [Worker-Main-93/ERROR]: ThreadLocalRandom accessed from a different thread (owner: Server thread, current: Worker-Main-93)
Possible solutions: Find possible causes in the stack trace below and report to the corresponding mod authors 

java.util.ConcurrentModificationException: ThreadLocalRandom accessed from a different thread (owner: Server thread, current: Worker-Main-93)
	at com.ishland.uwrad.common.CheckedThreadLocalRandom.handleNotOwner(CheckedThreadLocalRandom.java:51) ~[unsafe-world-random-access-detector-1.1.0.jar:?]
	at com.ishland.uwrad.common.CheckedThreadLocalRandom.isSafe(CheckedThreadLocalRandom.java:38) ~[unsafe-world-random-access-detector-1.1.0.jar:?]
	at com.ishland.uwrad.common.CheckedThreadLocalRandom.method_43156(CheckedThreadLocalRandom.java:82) ~[unsafe-world-random-access-detector-1.1.0.jar:?]
	at net.minecraft.class_6566.method_43055(class_6566.java:43) ~[server-intermediary.jar:?]
	at net.minecraft.class_1472.handler$dom000$moremobvariants$onReadCustomDataFromNbt(com/github/nyuppo/mixin/SheepVariantsMixin.java [moremobvariants.mixins.json]:50) ~[server-intermediary.jar:?]
	at net.minecraft.class_1308.method_5749(net/minecraft/class_1308.java:508) ~[server-intermediary.jar:?]
	at net.minecraft.class_1296.method_5749(net/minecraft/class_1296.java:113) ~[server-intermediary.jar:?]
	at net.minecraft.class_1429.method_5749(net/minecraft/class_1429.java:108) ~[server-intermediary.jar:?]
	at net.minecraft.class_1472.method_5749(net/minecraft/class_1472.java:263) ~[server-intermediary.jar:?]
	at net.minecraft.class_1297.method_5651(net/minecraft/class_1297.java:1930) ~[server-intermediary.jar:?]
	at net.minecraft.class_1299.method_17839(net/minecraft/class_1299.java:549) ~[server-intermediary.jar:?]
	at net.minecraft.class_156.method_17974(net/minecraft/class_156.java:513) ~[server-intermediary.jar:?]
	at net.minecraft.class_1299.method_5892(net/minecraft/class_1299.java:548) ~[server-intermediary.jar:?]
	at net.minecraft.class_3499.method_17916(net/minecraft/class_3499.java:430) ~[server-intermediary.jar:?]
	at net.minecraft.class_3499.method_15179(net/minecraft/class_3499.java:415) ~[server-intermediary.jar:?]
	at net.minecraft.class_3499.method_15172(net/minecraft/class_3499.java:347) ~[server-intermediary.jar:?]
	at net.minecraft.class_3781.method_16626(net/minecraft/class_3781.java:124) ~[server-intermediary.jar:?]
	at net.minecraft.class_3790.method_27236(net/minecraft/class_3790.java:89) ~[server-intermediary.jar:?]
	at net.minecraft.class_3790.method_14931(net/minecraft/class_3790.java:85) ~[server-intermediary.jar:?]
	at net.minecraft.class_3449.method_14974(net/minecraft/class_3449.java:100) ~[server-intermediary.jar:?]
	at net.minecraft.class_2794.method_38265(net/minecraft/class_2794.java:320) ~[server-intermediary.jar:?]
	at com.google.common.collect.ImmutableList.forEach(ImmutableList.java:422) ~[guava-31.1-jre.jar:?]
	at net.minecraft.class_2794.method_12102(net/minecraft/class_2794.java:319) ~[server-intermediary.jar:?]
	at net.minecraft.class_2806.method_51375(net/minecraft/class_2806.java:108) ~[server-intermediary.jar:?]
	at net.minecraft.class_2806$class_3768.doWork(class_2806.java:309) ~[server-intermediary.jar:?]
	at net.minecraft.class_2806.method_12154(net/minecraft/class_2806.java:252) ~[server-intermediary.jar:?]
	at net.minecraft.class_3898.method_17225(net/minecraft/class_3898.java:684) ~[server-intermediary.jar:?]
	at com.mojang.datafixers.util.Either$Left.map(Either.java:38) ~[datafixerupper-6.0.8.jar:?]
	at net.minecraft.class_3898.method_17224(net/minecraft/class_3898.java:673) ~[server-intermediary.jar:?]
	at java.util.concurrent.CompletableFuture$UniCompose.tryFire(CompletableFuture.java:1150) ~[?:?]
	at java.util.concurrent.CompletableFuture$Completion.run(CompletableFuture.java:482) ~[?:?]
	at net.minecraft.class_3900.method_17634(net/minecraft/class_3900.java:62) ~[server-intermediary.jar:?]
	at net.minecraft.class_3846.method_16907(class_3846.java:91) ~[server-intermediary.jar:?]
	at net.minecraft.class_3846.method_16900(class_3846.java:146) ~[server-intermediary.jar:?]
	at net.minecraft.class_3846.run(class_3846.java:102) ~[server-intermediary.jar:?]
	at java.util.concurrent.ForkJoinTask$RunnableExecuteAction.exec(ForkJoinTask.java:1395) ~[?:?]
	at java.util.concurrent.ForkJoinTask.doExec(ForkJoinTask.java:373) ~[?:?]
	at java.util.concurrent.ForkJoinPool$WorkQueue.topLevelExec(ForkJoinPool.java:1182) ~[?:?]
	at java.util.concurrent.ForkJoinPool.scan(ForkJoinPool.java:1655) ~[?:?]
	at java.util.concurrent.ForkJoinPool.runWorker(ForkJoinPool.java:1622) ~[?:?]
	at java.util.concurrent.ForkJoinWorkerThread.run(ForkJoinWorkerThread.java:165) ~[?:?]
[00:00:12] [Worker-Main-93/INFO]: [STDOUT]: Negative index in crash report handler (0/32)
[00:00:12] [Worker-Main-93/ERROR]: ThreadLocalRandom accessed from a different thread (owner: Server thread, current: Worker-Main-93)
Possible solutions: Find possible causes in the stack trace below and report to the corresponding mod authors 

java.util.ConcurrentModificationException: ThreadLocalRandom accessed from a different thread (owner: Server thread, current: Worker-Main-93)
	at com.ishland.uwrad.common.CheckedThreadLocalRandom.handleNotOwner(CheckedThreadLocalRandom.java:51) ~[unsafe-world-random-access-detector-1.1.0.jar:?]
	at com.ishland.uwrad.common.CheckedThreadLocalRandom.isSafe(CheckedThreadLocalRandom.java:38) ~[unsafe-world-random-access-detector-1.1.0.jar:?]
	at com.ishland.uwrad.common.CheckedThreadLocalRandom.method_43156(CheckedThreadLocalRandom.java:82) ~[unsafe-world-random-access-detector-1.1.0.jar:?]
	at net.minecraft.class_6566.method_43055(class_6566.java:43) ~[server-intermediary.jar:?]
	at net.minecraft.class_1472.handler$dom000$moremobvariants$onReadCustomDataFromNbt(com/github/nyuppo/mixin/SheepVariantsMixin.java [moremobvariants.mixins.json]:50) ~[server-intermediary.jar:?]
	at net.minecraft.class_1308.method_5749(net/minecraft/class_1308.java:508) ~[server-intermediary.jar:?]
	at net.minecraft.class_1296.method_5749(net/minecraft/class_1296.java:113) ~[server-intermediary.jar:?]
	at net.minecraft.class_1429.method_5749(net/minecraft/class_1429.java:108) ~[server-intermediary.jar:?]
	at net.minecraft.class_1472.method_5749(net/minecraft/class_1472.java:263) ~[server-intermediary.jar:?]
	at net.minecraft.class_1297.method_5651(net/minecraft/class_1297.java:1930) ~[server-intermediary.jar:?]
	at net.minecraft.class_1299.method_17839(net/minecraft/class_1299.java:549) ~[server-intermediary.jar:?]
	at net.minecraft.class_156.method_17974(net/minecraft/class_156.java:513) ~[server-intermediary.jar:?]
	at net.minecraft.class_1299.method_5892(net/minecraft/class_1299.java:548) ~[server-intermediary.jar:?]
	at net.minecraft.class_3499.method_17916(net/minecraft/class_3499.java:430) ~[server-intermediary.jar:?]
	at net.minecraft.class_3499.method_15179(net/minecraft/class_3499.java:415) ~[server-intermediary.jar:?]
	at net.minecraft.class_3499.method_15172(net/minecraft/class_3499.java:347) ~[server-intermediary.jar:?]
	at net.minecraft.class_3781.method_16626(net/minecraft/class_3781.java:124) ~[server-intermediary.jar:?]
	at net.minecraft.class_3790.method_27236(net/minecraft/class_3790.java:89) ~[server-intermediary.jar:?]
	at net.minecraft.class_3790.method_14931(net/minecraft/class_3790.java:85) ~[server-intermediary.jar:?]
	at net.minecraft.class_3449.method_14974(net/minecraft/class_3449.java:100) ~[server-intermediary.jar:?]
	at net.minecraft.class_2794.method_38265(net/minecraft/class_2794.java:320) ~[server-intermediary.jar:?]
	at com.google.common.collect.ImmutableList.forEach(ImmutableList.java:422) ~[guava-31.1-jre.jar:?]
	at net.minecraft.class_2794.method_12102(net/minecraft/class_2794.java:319) ~[server-intermediary.jar:?]
	at net.minecraft.class_2806.method_51375(net/minecraft/class_2806.java:108) ~[server-intermediary.jar:?]
	at net.minecraft.class_2806$class_3768.doWork(class_2806.java:309) ~[server-intermediary.jar:?]
	at net.minecraft.class_2806.method_12154(net/minecraft/class_2806.java:252) ~[server-intermediary.jar:?]
	at net.minecraft.class_3898.method_17225(net/minecraft/class_3898.java:684) ~[server-intermediary.jar:?]
	at com.mojang.datafixers.util.Either$Left.map(Either.java:38) ~[datafixerupper-6.0.8.jar:?]
	at net.minecraft.class_3898.method_17224(net/minecraft/class_3898.java:673) ~[server-intermediary.jar:?]
	at java.util.concurrent.CompletableFuture$UniCompose.tryFire(CompletableFuture.java:1150) ~[?:?]
	at java.util.concurrent.CompletableFuture$Completion.run(CompletableFuture.java:482) ~[?:?]
	at net.minecraft.class_3900.method_17634(net/minecraft/class_3900.java:62) ~[server-intermediary.jar:?]
	at net.minecraft.class_3846.method_16907(class_3846.java:91) ~[server-intermediary.jar:?]
	at net.minecraft.class_3846.method_16900(class_3846.java:146) ~[server-intermediary.jar:?]
	at net.minecraft.class_3846.run(class_3846.java:102) ~[server-intermediary.jar:?]
	at java.util.concurrent.ForkJoinTask$RunnableExecuteAction.exec(ForkJoinTask.java:1395) ~[?:?]
	at java.util.concurrent.ForkJoinTask.doExec(ForkJoinTask.java:373) ~[?:?]
	at java.util.concurrent.ForkJoinPool$WorkQueue.topLevelExec(ForkJoinPool.java:1182) ~[?:?]
	at java.util.concurrent.ForkJoinPool.scan(ForkJoinPool.java:1655) ~[?:?]
	at java.util.concurrent.ForkJoinPool.runWorker(ForkJoinPool.java:1622) ~[?:?]
	at java.util.concurrent.ForkJoinWorkerThread.run(ForkJoinWorkerThread.java:165) ~[?:?]
[00:00:12] [Worker-Main-93/INFO]: [STDOUT]: Negative index in crash report handler (0/32)
[00:00:12] [Worker-Main-93/ERROR]: ThreadLocalRandom accessed from a different thread (owner: Server thread, current: Worker-Main-93)
Possible solutions: Find possible causes in the stack trace below and report to the corresponding mod authors 

java.util.ConcurrentModificationException: ThreadLocalRandom accessed from a different thread (owner: Server thread, current: Worker-Main-93)
	at com.ishland.uwrad.common.CheckedThreadLocalRandom.handleNotOwner(CheckedThreadLocalRandom.java:51) ~[unsafe-world-random-access-detector-1.1.0.jar:?]
	at com.ishland.uwrad.common.CheckedThreadLocalRandom.isSafe(CheckedThreadLocalRandom.java:38) ~[unsafe-world-random-access-detector-1.1.0.jar:?]
	at com.ishland.uwrad.common.CheckedThreadLocalRandom.method_43156(CheckedThreadLocalRandom.java:82) ~[unsafe-world-random-access-detector-1.1.0.jar:?]
	at net.minecraft.class_6566.method_43055(class_6566.java:43) ~[server-intermediary.jar:?]
	at net.minecraft.class_1472.handler$dom000$moremobvariants$onReadCustomDataFromNbt(com/github/nyuppo/mixin/SheepVariantsMixin.java [moremobvariants.mixins.json]:50) ~[server-intermediary.jar:?]
	at net.minecraft.class_1308.method_5749(net/minecraft/class_1308.java:508) ~[server-intermediary.jar:?]
	at net.minecraft.class_1296.method_5749(net/minecraft/class_1296.java:113) ~[server-intermediary.jar:?]
	at net.minecraft.class_1429.method_5749(net/minecraft/class_1429.java:108) ~[server-intermediary.jar:?]
	at net.minecraft.class_1472.method_5749(net/minecraft/class_1472.java:263) ~[server-intermediary.jar:?]
	at net.minecraft.class_1297.method_5651(net/minecraft/class_1297.java:1930) ~[server-intermediary.jar:?]
	at net.minecraft.class_1299.method_17839(net/minecraft/class_1299.java:549) ~[server-intermediary.jar:?]
	at net.minecraft.class_156.method_17974(net/minecraft/class_156.java:513) ~[server-intermediary.jar:?]
	at net.minecraft.class_1299.method_5892(net/minecraft/class_1299.java:548) ~[server-intermediary.jar:?]
	at net.minecraft.class_3499.method_17916(net/minecraft/class_3499.java:430) ~[server-intermediary.jar:?]
	at net.minecraft.class_3499.method_15179(net/minecraft/class_3499.java:415) ~[server-intermediary.jar:?]
	at net.minecraft.class_3499.method_15172(net/minecraft/class_3499.java:347) ~[server-intermediary.jar:?]
	at net.minecraft.class_3781.method_16626(net/minecraft/class_3781.java:124) ~[server-intermediary.jar:?]
	at net.minecraft.class_3790.method_27236(net/minecraft/class_3790.java:89) ~[server-intermediary.jar:?]
	at net.minecraft.class_3790.method_14931(net/minecraft/class_3790.java:85) ~[server-intermediary.jar:?]
	at net.minecraft.class_3449.method_14974(net/minecraft/class_3449.java:100) ~[server-intermediary.jar:?]
	at net.minecraft.class_2794.method_38265(net/minecraft/class_2794.java:320) ~[server-intermediary.jar:?]
	at com.google.common.collect.ImmutableList.forEach(ImmutableList.java:422) ~[guava-31.1-jre.jar:?]
	at net.minecraft.class_2794.method_12102(net/minecraft/class_2794.java:319) ~[server-intermediary.jar:?]
	at net.minecraft.class_2806.method_51375(net/minecraft/class_2806.java:108) ~[server-intermediary.jar:?]
	at net.minecraft.class_2806$class_3768.doWork(class_2806.java:309) ~[server-intermediary.jar:?]
	at net.minecraft.class_2806.method_12154(net/minecraft/class_2806.java:252) ~[server-intermediary.jar:?]
	at net.minecraft.class_3898.method_17225(net/minecraft/class_3898.java:684) ~[server-intermediary.jar:?]
	at com.mojang.datafixers.util.Either$Left.map(Either.java:38) ~[datafixerupper-6.0.8.jar:?]
	at net.minecraft.class_3898.method_17224(net/minecraft/class_3898.java:673) ~[server-intermediary.jar:?]
	at java.util.concurrent.CompletableFuture$UniCompose.tryFire(CompletableFuture.java:1150) ~[?:?]
	at java.util.concurrent.CompletableFuture$Completion.run(CompletableFuture.java:482) ~[?:?]
	at net.minecraft.class_3900.method_17634(net/minecraft/class_3900.java:62) ~[server-intermediary.jar:?]
	at net.minecraft.class_3846.method_16907(class_3846.java:91) ~[server-intermediary.jar:?]
	at net.minecraft.class_3846.method_16900(class_3846.java:146) ~[server-intermediary.jar:?]
	at net.minecraft.class_3846.run(class_3846.java:102) ~[server-intermediary.jar:?]
	at java.util.concurrent.ForkJoinTask$RunnableExecuteAction.exec(ForkJoinTask.java:1395) ~[?:?]
	at java.util.concurrent.ForkJoinTask.doExec(ForkJoinTask.java:373) ~[?:?]
	at java.util.concurrent.ForkJoinPool$WorkQueue.topLevelExec(ForkJoinPool.java:1182) ~[?:?]
	at java.util.concurrent.ForkJoinPool.scan(ForkJoinPool.java:1655) ~[?:?]
	at java.util.concurrent.ForkJoinPool.runWorker(ForkJoinPool.java:1622) ~[?:?]
	at java.util.concurrent.ForkJoinWorkerThread.run(ForkJoinWorkerThread.java:165) ~[?:?]
[00:00:12] [Worker-Main-93/INFO]: [STDOUT]: Negative index in crash report handler (0/32)
[00:00:21] [Server thread/WARN]: Can't keep up! Is the server overloaded? Running 4441ms or 88 ticks behind
[00:00:41] [Server thread/WARN]: Can't keep up! Is the server overloaded? Running 5254ms or 105 ticks behind
[00:00:52] [Server thread/INFO]: fer03911 was slain by Withered Demon
[00:00:59] [Server thread/WARN]: Can't keep up! Is the server overloaded? Running 3064ms or 61 ticks behind
[00:01:20] [Server thread/WARN]: Can't keep up! Is the server overloaded? Running 6562ms or 131 ticks behind
[00:01:29] [Worker-Main-93/ERROR]: ThreadLocalRandom accessed from a different thread (owner: Server thread, current: Worker-Main-93)
Possible solutions: Find possible causes in the stack trace below and report to the corresponding mod authors 

java.util.ConcurrentModificationException: ThreadLocalRandom accessed from a different thread (owner: Server thread, current: Worker-Main-93)
	at com.ishland.uwrad.common.CheckedThreadLocalRandom.handleNotOwner(CheckedThreadLocalRandom.java:51) ~[unsafe-world-random-access-detector-1.1.0.jar:?]
	at com.ishland.uwrad.common.CheckedThreadLocalRandom.isSafe(CheckedThreadLocalRandom.java:38) ~[unsafe-world-random-access-detector-1.1.0.jar:?]
	at com.ishland.uwrad.common.CheckedThreadLocalRandom.method_43156(CheckedThreadLocalRandom.java:82) ~[unsafe-world-random-access-detector-1.1.0.jar:?]
	at net.minecraft.class_6566.method_43055(class_6566.java:43) ~[server-intermediary.jar:?]
	at net.minecraft.class_1451.handler$dom000$moremobvariants$onReadCustomDataFromNbt(com/github/nyuppo/mixin/CatVariantsMixin.java [moremobvariants.mixins.json]:48) ~[server-intermediary.jar:?]
	at net.minecraft.class_1308.method_5749(net/minecraft/class_1308.java:508) ~[server-intermediary.jar:?]
	at net.minecraft.class_1296.method_5749(net/minecraft/class_1296.java:113) ~[server-intermediary.jar:?]
	at net.minecraft.class_1429.method_5749(net/minecraft/class_1429.java:108) ~[server-intermediary.jar:?]
	at net.minecraft.class_1321.method_5749(net/minecraft/class_1321.java:52) ~[server-intermediary.jar:?]
	at net.minecraft.class_1451.method_5749(net/minecraft/class_1451.java:183) ~[server-intermediary.jar:?]
	at net.minecraft.class_1297.method_5651(net/minecraft/class_1297.java:1930) ~[server-intermediary.jar:?]
	at net.minecraft.class_1299.method_17839(net/minecraft/class_1299.java:549) ~[server-intermediary.jar:?]
	at net.minecraft.class_156.method_17974(net/minecraft/class_156.java:513) ~[server-intermediary.jar:?]
	at net.minecraft.class_1299.method_5892(net/minecraft/class_1299.java:548) ~[server-intermediary.jar:?]
	at net.minecraft.class_3499.method_17916(net/minecraft/class_3499.java:430) ~[server-intermediary.jar:?]
	at net.minecraft.class_3499.method_15179(net/minecraft/class_3499.java:415) ~[server-intermediary.jar:?]
	at net.minecraft.class_3499.method_15172(net/minecraft/class_3499.java:347) ~[server-intermediary.jar:?]
	at net.minecraft.class_3781.method_16626(net/minecraft/class_3781.java:124) ~[server-intermediary.jar:?]
	at net.minecraft.class_3790.method_27236(net/minecraft/class_3790.java:89) ~[server-intermediary.jar:?]
	at net.minecraft.class_3790.method_14931(net/minecraft/class_3790.java:85) ~[server-intermediary.jar:?]
	at net.minecraft.class_3449.method_14974(net/minecraft/class_3449.java:100) ~[server-intermediary.jar:?]
	at net.minecraft.class_2794.method_38265(net/minecraft/class_2794.java:320) ~[server-intermediary.jar:?]
	at com.google.common.collect.ImmutableList.forEach(ImmutableList.java:422) ~[guava-31.1-jre.jar:?]
	at net.minecraft.class_2794.method_12102(net/minecraft/class_2794.java:319) ~[server-intermediary.jar:?]
	at net.minecraft.class_2806.method_51375(net/minecraft/class_2806.java:108) ~[server-intermediary.jar:?]
	at net.minecraft.class_2806$class_3768.doWork(class_2806.java:309) ~[server-intermediary.jar:?]
	at net.minecraft.class_2806.method_12154(net/minecraft/class_2806.java:252) ~[server-intermediary.jar:?]
	at net.minecraft.class_3898.method_17225(net/minecraft/class_3898.java:684) ~[server-intermediary.jar:?]
	at com.mojang.datafixers.util.Either$Left.map(Either.java:38) ~[datafixerupper-6.0.8.jar:?]
	at net.minecraft.class_3898.method_17224(net/minecraft/class_3898.java:673) ~[server-intermediary.jar:?]
	at java.util.concurrent.CompletableFuture$UniCompose.tryFire(CompletableFuture.java:1150) ~[?:?]
	at java.util.concurrent.CompletableFuture$Completion.run(CompletableFuture.java:482) ~[?:?]
	at net.minecraft.class_3900.method_17634(net/minecraft/class_3900.java:62) ~[server-intermediary.jar:?]
	at net.minecraft.class_3846.method_16907(class_3846.java:91) ~[server-intermediary.jar:?]
	at net.minecraft.class_3846.method_16900(class_3846.java:146) ~[server-intermediary.jar:?]
	at net.minecraft.class_3846.run(class_3846.java:102) ~[server-intermediary.jar:?]
	at java.util.concurrent.ForkJoinTask$RunnableExecuteAction.exec(ForkJoinTask.java:1395) ~[?:?]
	at java.util.concurrent.ForkJoinTask.doExec(ForkJoinTask.java:373) ~[?:?]
	at java.util.concurrent.ForkJoinPool$WorkQueue.topLevelExec(ForkJoinPool.java:1182) ~[?:?]
	at java.util.concurrent.ForkJoinPool.scan(ForkJoinPool.java:1655) ~[?:?]
	at java.util.concurrent.ForkJoinPool.runWorker(ForkJoinPool.java:1622) ~[?:?]
	at java.util.concurrent.ForkJoinWorkerThread.run(ForkJoinWorkerThread.java:165) ~[?:?]
[00:01:30] [Worker-Main-93/INFO]: [STDOUT]: Negative index in crash report handler (0/32)
[00:01:30] [Worker-Main-93/ERROR]: ThreadLocalRandom accessed from a different thread (owner: Server thread, current: Worker-Main-93)
Possible solutions: Find possible causes in the stack trace below and report to the corresponding mod authors 

java.util.ConcurrentModificationException: ThreadLocalRandom accessed from a different thread (owner: Server thread, current: Worker-Main-93)
	at com.ishland.uwrad.common.CheckedThreadLocalRandom.handleNotOwner(CheckedThreadLocalRandom.java:51) ~[unsafe-world-random-access-detector-1.1.0.jar:?]
	at com.ishland.uwrad.common.CheckedThreadLocalRandom.isSafe(CheckedThreadLocalRandom.java:38) ~[unsafe-world-random-access-detector-1.1.0.jar:?]
	at com.ishland.uwrad.common.CheckedThreadLocalRandom.method_43156(CheckedThreadLocalRandom.java:82) ~[unsafe-world-random-access-detector-1.1.0.jar:?]
	at net.minecraft.class_6566.method_43055(class_6566.java:43) ~[server-intermediary.jar:?]
	at net.minecraft.class_1451.handler$dom000$moremobvariants$onReadCustomDataFromNbt(com/github/nyuppo/mixin/CatVariantsMixin.java [moremobvariants.mixins.json]:48) ~[server-intermediary.jar:?]
	at net.minecraft.class_1308.method_5749(net/minecraft/class_1308.java:508) ~[server-intermediary.jar:?]
	at net.minecraft.class_1296.method_5749(net/minecraft/class_1296.java:113) ~[server-intermediary.jar:?]
	at net.minecraft.class_1429.method_5749(net/minecraft/class_1429.java:108) ~[server-intermediary.jar:?]
	at net.minecraft.class_1321.method_5749(net/minecraft/class_1321.java:52) ~[server-intermediary.jar:?]
	at net.minecraft.class_1451.method_5749(net/minecraft/class_1451.java:183) ~[server-intermediary.jar:?]
	at net.minecraft.class_1297.method_5651(net/minecraft/class_1297.java:1930) ~[server-intermediary.jar:?]
	at net.minecraft.class_1299.method_17839(net/minecraft/class_1299.java:549) ~[server-intermediary.jar:?]
	at net.minecraft.class_156.method_17974(net/minecraft/class_156.java:513) ~[server-intermediary.jar:?]
	at net.minecraft.class_1299.method_5892(net/minecraft/class_1299.java:548) ~[server-intermediary.jar:?]
	at net.minecraft.class_3499.method_17916(net/minecraft/class_3499.java:430) ~[server-intermediary.jar:?]
	at net.minecraft.class_3499.method_15179(net/minecraft/class_3499.java:415) ~[server-intermediary.jar:?]
	at net.minecraft.class_3499.method_15172(net/minecraft/class_3499.java:347) ~[server-intermediary.jar:?]
	at net.minecraft.class_3781.method_16626(net/minecraft/class_3781.java:124) ~[server-intermediary.jar:?]
	at net.minecraft.class_3790.method_27236(net/minecraft/class_3790.java:89) ~[server-intermediary.jar:?]
	at net.minecraft.class_3790.method_14931(net/minecraft/class_3790.java:85) ~[server-intermediary.jar:?]
	at net.minecraft.class_3449.method_14974(net/minecraft/class_3449.java:100) ~[server-intermediary.jar:?]
	at net.minecraft.class_2794.method_38265(net/minecraft/class_2794.java:320) ~[server-intermediary.jar:?]
	at com.google.common.collect.ImmutableList.forEach(ImmutableList.java:422) ~[guava-31.1-jre.jar:?]
	at net.minecraft.class_2794.method_12102(net/minecraft/class_2794.java:319) ~[server-intermediary.jar:?]
	at net.minecraft.class_2806.method_51375(net/minecraft/class_2806.java:108) ~[server-intermediary.jar:?]
	at net.minecraft.class_2806$class_3768.doWork(class_2806.java:309) ~[server-intermediary.jar:?]
	at net.minecraft.class_2806.method_12154(net/minecraft/class_2806.java:252) ~[server-intermediary.jar:?]
	at net.minecraft.class_3898.method_17225(net/minecraft/class_3898.java:684) ~[server-intermediary.jar:?]
	at com.mojang.datafixers.util.Either$Left.map(Either.java:38) ~[datafixerupper-6.0.8.jar:?]
	at net.minecraft.class_3898.method_17224(net/minecraft/class_3898.java:673) ~[server-intermediary.jar:?]
	at java.util.concurrent.CompletableFuture$UniCompose.tryFire(CompletableFuture.java:1150) ~[?:?]
	at java.util.concurrent.CompletableFuture$Completion.run(CompletableFuture.java:482) ~[?:?]
	at net.minecraft.class_3900.method_17634(net/minecraft/class_3900.java:62) ~[server-intermediary.jar:?]
	at net.minecraft.class_3846.method_16907(class_3846.java:91) ~[server-intermediary.jar:?]
	at net.minecraft.class_3846.method_16900(class_3846.java:146) ~[server-intermediary.jar:?]
	at net.minecraft.class_3846.run(class_3846.java:102) ~[server-intermediary.jar:?]
	at java.util.concurrent.ForkJoinTask$RunnableExecuteAction.exec(ForkJoinTask.java:1395) ~[?:?]
	at java.util.concurrent.ForkJoinTask.doExec(ForkJoinTask.java:373) ~[?:?]
	at java.util.concurrent.ForkJoinPool$WorkQueue.topLevelExec(ForkJoinPool.java:1182) ~[?:?]
	at java.util.concurrent.ForkJoinPool.scan(ForkJoinPool.java:1655) ~[?:?]
	at java.util.concurrent.ForkJoinPool.runWorker(ForkJoinPool.java:1622) ~[?:?]
	at java.util.concurrent.ForkJoinWorkerThread.run(ForkJoinWorkerThread.java:165) ~[?:?]
[00:01:31] [Worker-Main-93/INFO]: [STDOUT]: Negative index in crash report handler (0/32)
